Using pre-set license
Built from '2020.3/staging' branch; Version is '2020.3.37f1 (8c66806a0c04) revision 9201280'; Using compiler version '192528614'; Build Type 'Release'
OS: 'Windows 10  (10.0.19044) 64bit Professional' Language: 'en' Physical Memory: 32104 MB
BatchMode: 1, IsHumanControllingUs: 0, StartBugReporterOnCrash: 0, Is64bit: 1, IsPro: 0

COMMAND LINE ARGUMENTS:
C:\Unity Editors\2020.3.37f1\Editor\Unity.exe
-adb2
-batchMode
-noUpm
-name
AssetImportWorker0
-projectPath
D:/AR VR Internship/Test Projs/Hololens Optics
-logFile
Logs/AssetImportWorker0.log
-srvPort
49298
Successfully changed project path to: D:/AR VR Internship/Test Projs/Hololens Optics
D:/AR VR Internship/Test Projs/Hololens Optics
Using Asset Import Pipeline V2.
Refreshing native plugins compatible for Editor in 83.42 ms, found 11 plugins.
Preloading 0 native plugins for Editor in 0.00 ms.
Initialize engine version: 2020.3.37f1 (8c66806a0c04)
[Subsystems] Discovering subsystems at path C:/Unity Editors/2020.3.37f1/Editor/Data/Resources/UnitySubsystems
[Subsystems] Discovering subsystems at path D:/AR VR Internship/Test Projs/Hololens Optics/Assets
GfxDevice: creating device client; threaded=0
Direct3D:
    Version:  Direct3D 11.0 [level 11.1]
    Renderer: NVIDIA GeForce RTX 3060 Laptop GPU (ID=0x2560)
    Vendor:   
    VRAM:     6023 MB
    Driver:   30.0.15.1123
Initialize mono
Mono path[0] = 'C:/Unity Editors/2020.3.37f1/Editor/Data/Managed'
Mono path[1] = 'C:/Unity Editors/2020.3.37f1/Editor/Data/MonoBleedingEdge/lib/mono/unityjit'
Mono config path = 'C:/Unity Editors/2020.3.37f1/Editor/Data/MonoBleedingEdge/etc'
Using monoOptions --debugger-agent=transport=dt_socket,embedding=1,server=y,suspend=n,address=127.0.0.1:56684
Begin MonoManager ReloadAssembly
Registering precompiled unity dll's ...
Register platform support module: C:/Unity Editors/2020.3.37f1/Editor/Data/PlaybackEngines/WindowsStandaloneSupport/UnityEditor.WindowsStandalone.Extensions.dll
Registered in 0.001636 seconds.
Native extension for WindowsStandalone target not found
Refreshing native plugins compatible for Editor in 75.75 ms, found 11 plugins.
Preloading 0 native plugins for Editor in 0.00 ms.
Mono: successfully reloaded assembly
- Completed reload, in  0.491 seconds
Domain Reload Profiling:
	ReloadAssembly (491ms)
		BeginReloadAssembly (50ms)
			ExecutionOrderSort (0ms)
			DisableScriptedObjects (0ms)
			BackupInstance (0ms)
			ReleaseScriptingObjects (0ms)
			CreateAndSetChildDomain (1ms)
		EndReloadAssembly (386ms)
			LoadAssemblies (48ms)
			RebuildTransferFunctionScriptingTraits (0ms)
			SetupTypeCache (105ms)
			ReleaseScriptCaches (0ms)
			RebuildScriptCaches (21ms)
			SetupLoadedEditorAssemblies (181ms)
				LogAssemblyErrors (0ms)
				InitializePlatformSupportModulesInManaged (4ms)
				SetLoadedEditorAssemblies (0ms)
				RefreshPlugins (76ms)
				BeforeProcessingInitializeOnLoad (12ms)
				ProcessInitializeOnLoadAttributes (67ms)
				ProcessInitializeOnLoadMethodAttributes (22ms)
				AfterProcessingInitializeOnLoad (0ms)
				EditorAssembliesLoaded (0ms)
			ExecutionOrderSort2 (0ms)
			AwakeInstancesAfterBackupRestoration (0ms)
Platform modules already initialized, skipping
Registering precompiled user dll's ...
Registered in 0.005014 seconds.
Begin MonoManager ReloadAssembly
Native extension for WindowsStandalone target not found
Refreshing native plugins compatible for Editor in 80.23 ms, found 11 plugins.
Preloading 0 native plugins for Editor in 0.00 ms.
Mono: successfully reloaded assembly
- Completed reload, in  1.608 seconds
Domain Reload Profiling:
	ReloadAssembly (1609ms)
		BeginReloadAssembly (113ms)
			ExecutionOrderSort (0ms)
			DisableScriptedObjects (4ms)
			BackupInstance (0ms)
			ReleaseScriptingObjects (0ms)
			CreateAndSetChildDomain (16ms)
		EndReloadAssembly (1448ms)
			LoadAssemblies (88ms)
			RebuildTransferFunctionScriptingTraits (0ms)
			SetupTypeCache (273ms)
			ReleaseScriptCaches (1ms)
			RebuildScriptCaches (57ms)
			SetupLoadedEditorAssemblies (942ms)
				LogAssemblyErrors (0ms)
				InitializePlatformSupportModulesInManaged (3ms)
				SetLoadedEditorAssemblies (0ms)
				RefreshPlugins (80ms)
				BeforeProcessingInitializeOnLoad (118ms)
				ProcessInitializeOnLoadAttributes (719ms)
				ProcessInitializeOnLoadMethodAttributes (16ms)
				AfterProcessingInitializeOnLoad (5ms)
				EditorAssembliesLoaded (0ms)
			ExecutionOrderSort2 (0ms)
			AwakeInstancesAfterBackupRestoration (1ms)
Platform modules already initialized, skipping
========================================================================
Worker process is ready to serve import requests
Launched and connected shader compiler UnityShaderCompiler.exe after 0.04 seconds
Refreshing native plugins compatible for Editor in 1.12 ms, found 11 plugins.
Preloading 0 native plugins for Editor in 0.00 ms.
Unloading 4893 Unused Serialized files (Serialized files now loaded: 0)
System memory in use before: 194.5 MB.
System memory in use after: 194.7 MB.

Unloading 39 unused Assets to reduce memory usage. Loaded Objects now: 5316.
Total: 3.564500 ms (FindLiveObjects: 0.322700 ms CreateObjectMapping: 0.122400 ms MarkObjects: 3.021200 ms  DeleteObjects: 0.097400 ms)

AssetImportParameters requested are different than current active one (requested -> active):
  custom:framework-win-MediaFoundation: 216162199b28c13a410421893ffa2e32 -> 
  custom:video-decoder-ogg-theora: a1e56fd34408186e4bbccfd4996cb3dc -> 
  custom:container-muxer-webm: aa71ff27fc2769a1b78a27578f13a17b -> 
  custom:container-demuxer-webm: 4f35f7cbe854078d1ac9338744f61a02 -> 
  custom:container-demuxer-ogg: 62fdf1f143b41e24485cea50d1cbac27 -> 
  custom:video-encoder-webm-vp8: eb34c28f22e8b96e1ab97ce403110664 -> 
  custom:video-codec-MediaFoundation-h265: 746d11721c4dcdbdad8f713fa42b33f4 -> 
  custom:video-decoder-webm-vp8: 9c59270c3fd7afecdb556c50c9e8de78 -> 
  custom:audio-decoder-ogg-vorbis: bf7c407c2cedff20999df2af8eb42d56 -> 
  custom:audio-encoder-webm-vorbis: bf7c407c2cedff20999df2af8eb42d56 -> 
========================================================================
Received Import Request.
  path: Assets/OpticalBoard/Prefabs/Lens Frame.prefab
  artifactKey: Guid(0b526300f0fcc9647bd4576fe28929c9) Importer(815301076,1909f56bfc062723c751e8b465ee728b)
Start importing Assets/OpticalBoard/Prefabs/Lens Frame.prefab using Guid(0b526300f0fcc9647bd4576fe28929c9) Importer(815301076,1909f56bfc062723c751e8b465ee728b)  -> (artifact id: '36a92e1fe8236ae9367c2def1d500282') in 0.182739 seconds 
========================================================================
Received Import Request.
  Time since last request: 0.000208 seconds.
  path: Assets/OpticalBoard/Prefabs/Grid Cell.prefab
  artifactKey: Guid(2239a1f632de7a542974e3123f532cb0) Importer(815301076,1909f56bfc062723c751e8b465ee728b)
Start importing Assets/OpticalBoard/Prefabs/Grid Cell.prefab using Guid(2239a1f632de7a542974e3123f532cb0) Importer(815301076,1909f56bfc062723c751e8b465ee728b)  -> (artifact id: 'e06c6cf2eb50b3d05c97f559d5eda2a6') in 0.011982 seconds 
========================================================================
Received Import Request.
  Time since last request: 70.515651 seconds.
  path: Assets/OpticalBoard/Board.prefab
  artifactKey: Guid(86d5d9175d0aa9b4ea3b84217dd37fca) Importer(815301076,1909f56bfc062723c751e8b465ee728b)
Start importing Assets/OpticalBoard/Board.prefab using Guid(86d5d9175d0aa9b4ea3b84217dd37fca) Importer(815301076,1909f56bfc062723c751e8b465ee728b)  -> (artifact id: 'af2294afea5a4e93df09a4d21ffbdf6e') in 0.012831 seconds 
========================================================================
Received Prepare
Registering precompiled user dll's ...
Registered in 0.004808 seconds.
Begin MonoManager ReloadAssembly
Native extension for WindowsStandalone target not found
Refreshing native plugins compatible for Editor in 1.17 ms, found 11 plugins.
Preloading 0 native plugins for Editor in 0.00 ms.
Mono: successfully reloaded assembly
- Completed reload, in  1.327 seconds
Domain Reload Profiling:
	ReloadAssembly (1327ms)
		BeginReloadAssembly (125ms)
			ExecutionOrderSort (0ms)
			DisableScriptedObjects (5ms)
			BackupInstance (0ms)
			ReleaseScriptingObjects (0ms)
			CreateAndSetChildDomain (40ms)
		EndReloadAssembly (1155ms)
			LoadAssemblies (94ms)
			RebuildTransferFunctionScriptingTraits (0ms)
			SetupTypeCache (264ms)
			ReleaseScriptCaches (1ms)
			RebuildScriptCaches (35ms)
			SetupLoadedEditorAssemblies (664ms)
				LogAssemblyErrors (0ms)
				InitializePlatformSupportModulesInManaged (3ms)
				SetLoadedEditorAssemblies (0ms)
				RefreshPlugins (1ms)
				BeforeProcessingInitializeOnLoad (92ms)
				ProcessInitializeOnLoadAttributes (545ms)
				ProcessInitializeOnLoadMethodAttributes (17ms)
				AfterProcessingInitializeOnLoad (5ms)
				EditorAssembliesLoaded (0ms)
			ExecutionOrderSort2 (0ms)
			AwakeInstancesAfterBackupRestoration (9ms)
Platform modules already initialized, skipping
Switching build target platform(19) subTarget(0) extendedPlatform(0) -> platform(21) subTarget(3) extendedPlatform(0)
Refreshing native plugins compatible for Editor in 1.15 ms, found 11 plugins.
Preloading 0 native plugins for Editor in 0.00 ms.
Unloading 4756 Unused Serialized files (Serialized files now loaded: 0)
System memory in use before: 191.0 MB.
System memory in use after: 191.3 MB.

Unloading 32 unused Assets to reduce memory usage. Loaded Objects now: 5367.
Total: 3.506300 ms (FindLiveObjects: 0.334200 ms CreateObjectMapping: 0.145700 ms MarkObjects: 2.954900 ms  DeleteObjects: 0.070700 ms)

AssetImportParameters requested are different than current active one (requested -> active):
  custom:framework-win-MediaFoundation: 216162199b28c13a410421893ffa2e32 -> 
  custom:video-decoder-ogg-theora: a1e56fd34408186e4bbccfd4996cb3dc -> 
  custom:container-muxer-webm: aa71ff27fc2769a1b78a27578f13a17b -> 
  custom:container-demuxer-webm: 4f35f7cbe854078d1ac9338744f61a02 -> 
  custom:container-demuxer-ogg: 62fdf1f143b41e24485cea50d1cbac27 -> 
  custom:video-encoder-webm-vp8: eb34c28f22e8b96e1ab97ce403110664 -> 
  custom:video-codec-MediaFoundation-h265: 746d11721c4dcdbdad8f713fa42b33f4 -> 
  custom:video-decoder-webm-vp8: 9c59270c3fd7afecdb556c50c9e8de78 -> 
  custom:audio-decoder-ogg-vorbis: bf7c407c2cedff20999df2af8eb42d56 -> 
  custom:audio-encoder-webm-vorbis: bf7c407c2cedff20999df2af8eb42d56 -> 
========================================================================
Received Import Request.
  Time since last request: 271.334401 seconds.
  path: Assets/Surfaces/Surfaces
  artifactKey: Guid(c2d44f937b0b40c4eb4fb9956ca7c18e) Importer(815301076,1909f56bfc062723c751e8b465ee728b)
Start importing Assets/Surfaces/Surfaces using Guid(c2d44f937b0b40c4eb4fb9956ca7c18e) Importer(815301076,1909f56bfc062723c751e8b465ee728b)  -> (artifact id: 'f39b1b2a637d43fcdc5b97c36e1f3621') in 0.010164 seconds 
========================================================================
Received Import Request.
  Time since last request: 0.070453 seconds.
  path: Assets/Surfaces/Surfaces/ParabolicRefractive.prefab
  artifactKey: Guid(59e7204b39c21344ba1cd2cc2d33578b) Importer(815301076,1909f56bfc062723c751e8b465ee728b)
Start importing Assets/Surfaces/Surfaces/ParabolicRefractive.prefab using Guid(59e7204b39c21344ba1cd2cc2d33578b) Importer(815301076,1909f56bfc062723c751e8b465ee728b)  -> (artifact id: '7cfb5823bf40c2630b41033be1a3ddfb') in 0.023742 seconds 
========================================================================
Received Import Request.
  Time since last request: 0.000185 seconds.
  path: Assets/Surfaces/Surfaces/PlaneRefractive.prefab
  artifactKey: Guid(539da8fe938826849b57069481e9a282) Importer(815301076,1909f56bfc062723c751e8b465ee728b)
Start importing Assets/Surfaces/Surfaces/PlaneRefractive.prefab using Guid(539da8fe938826849b57069481e9a282) Importer(815301076,1909f56bfc062723c751e8b465ee728b)  -> (artifact id: '7d1d180d7403a0e2669c67c149f0e122') in 0.007771 seconds 
========================================================================
Received Import Request.
  Time since last request: 0.000227 seconds.
  path: Assets/Surfaces/Surfaces/PlaneReflective.prefab
  artifactKey: Guid(e23d8d28bc1f77b45b78ce9d46f03150) Importer(815301076,1909f56bfc062723c751e8b465ee728b)
Start importing Assets/Surfaces/Surfaces/PlaneReflective.prefab using Guid(e23d8d28bc1f77b45b78ce9d46f03150) Importer(815301076,1909f56bfc062723c751e8b465ee728b)  -> (artifact id: '87a6397aefff6dcbb14c985707961b8f') in 0.008058 seconds 
========================================================================
Received Import Request.
  Time since last request: 5.039777 seconds.
  path: Assets/Surfaces/Lenses
  artifactKey: Guid(c2d44f937b0b40c4eb4fb9956ca7c18e) Importer(815301076,1909f56bfc062723c751e8b465ee728b)
Start importing Assets/Surfaces/Lenses using Guid(c2d44f937b0b40c4eb4fb9956ca7c18e) Importer(815301076,1909f56bfc062723c751e8b465ee728b)  -> (artifact id: '7c802ea535d541b288d27a535dd78db8') in 0.006566 seconds 
========================================================================
Received Import Request.
  Time since last request: 29.224803 seconds.
  path: Assets/LightRayObj.prefab
  artifactKey: Guid(9be0817102f128d4bbf79bdc1acaf5e3) Importer(815301076,1909f56bfc062723c751e8b465ee728b)
Start importing Assets/LightRayObj.prefab using Guid(9be0817102f128d4bbf79bdc1acaf5e3) Importer(815301076,1909f56bfc062723c751e8b465ee728b)  -> (artifact id: '3f56acdd035ba3fba0925d66b00f68d5') in 0.110513 seconds 
========================================================================
Received Import Request.
  Time since last request: 141.175357 seconds.
  path: Assets/Lenses/ParabolicRefractive.prefab
  artifactKey: Guid(59e7204b39c21344ba1cd2cc2d33578b) Importer(815301076,1909f56bfc062723c751e8b465ee728b)
Start importing Assets/Lenses/ParabolicRefractive.prefab using Guid(59e7204b39c21344ba1cd2cc2d33578b) Importer(815301076,1909f56bfc062723c751e8b465ee728b)  -> (artifact id: '4b71f9f81033daa128466c917e93b082') in 0.005645 seconds 
========================================================================
Received Import Request.
  Time since last request: 6.882406 seconds.
  path: Assets/Lenses/PlaneReflective.prefab
  artifactKey: Guid(e23d8d28bc1f77b45b78ce9d46f03150) Importer(815301076,1909f56bfc062723c751e8b465ee728b)
Start importing Assets/Lenses/PlaneReflective.prefab using Guid(e23d8d28bc1f77b45b78ce9d46f03150) Importer(815301076,1909f56bfc062723c751e8b465ee728b)  -> (artifact id: '31ffcfab022a2f8603c69606c03fb8cd') in 0.004491 seconds 
========================================================================
Received Import Request.
  Time since last request: 1.797073 seconds.
  path: Assets/Surfaces/Paraboloid1.asset
  artifactKey: Guid(6f31fd0ec9f5453409154c1da32ab0d3) Importer(815301076,1909f56bfc062723c751e8b465ee728b)
Start importing Assets/Surfaces/Paraboloid1.asset using Guid(6f31fd0ec9f5453409154c1da32ab0d3) Importer(815301076,1909f56bfc062723c751e8b465ee728b)  -> (artifact id: '2066b37a4077271daaf8463df79a0717') in 0.005889 seconds 
========================================================================
Received Import Request.
  Time since last request: 0.000200 seconds.
  path: Assets/Surfaces/Paraboloid2.asset
  artifactKey: Guid(92871aa25f5001d4db3e5f0b2ce71f0c) Importer(815301076,1909f56bfc062723c751e8b465ee728b)
Start importing Assets/Surfaces/Paraboloid2.asset using Guid(92871aa25f5001d4db3e5f0b2ce71f0c) Importer(815301076,1909f56bfc062723c751e8b465ee728b)  -> (artifact id: '570f549f21269e3c09f7bfa805cfd814') in 0.004841 seconds 
========================================================================
Received Import Request.
  Time since last request: 3.393793 seconds.
  path: Assets/Lenses/PlaneReflective.prefab
  artifactKey: Guid(e23d8d28bc1f77b45b78ce9d46f03150) Importer(815301076,1909f56bfc062723c751e8b465ee728b)
Start importing Assets/Lenses/PlaneReflective.prefab using Guid(e23d8d28bc1f77b45b78ce9d46f03150) Importer(815301076,1909f56bfc062723c751e8b465ee728b)  -> (artifact id: '6e74a2dd35f4d28aeda88e73553bc876') in 0.004551 seconds 
========================================================================
Received Import Request.
  Time since last request: 11.854172 seconds.
  path: Assets/Lenses/PlaneReflective.prefab
  artifactKey: Guid(e23d8d28bc1f77b45b78ce9d46f03150) Importer(815301076,1909f56bfc062723c751e8b465ee728b)
Start importing Assets/Lenses/PlaneReflective.prefab using Guid(e23d8d28bc1f77b45b78ce9d46f03150) Importer(815301076,1909f56bfc062723c751e8b465ee728b)  -> (artifact id: '7bf93b266bb31e1069eccb39badef804') in 0.004364 seconds 
========================================================================
Received Import Request.
  Time since last request: 10.426191 seconds.
  path: Assets/Lenses/PlaneRefractive.prefab
  artifactKey: Guid(539da8fe938826849b57069481e9a282) Importer(815301076,1909f56bfc062723c751e8b465ee728b)
Start importing Assets/Lenses/PlaneRefractive.prefab using Guid(539da8fe938826849b57069481e9a282) Importer(815301076,1909f56bfc062723c751e8b465ee728b)  -> (artifact id: '1bc50c2e832fa918b450beb94b620b8f') in 0.004527 seconds 
========================================================================
Received Import Request.
  Time since last request: 0.550868 seconds.
  path: Assets/Surfaces/PlaneReflective.asset
  artifactKey: Guid(2316d7c91120691468598766c5044535) Importer(815301076,1909f56bfc062723c751e8b465ee728b)
Start importing Assets/Surfaces/PlaneReflective.asset using Guid(2316d7c91120691468598766c5044535) Importer(815301076,1909f56bfc062723c751e8b465ee728b)  -> (artifact id: '44f0a69666861456f70d54de596bde29') in 0.001996 seconds 
========================================================================
Received Import Request.
  Time since last request: 3.561454 seconds.
  path: Assets/Lenses/PlaneRefractive.prefab
  artifactKey: Guid(539da8fe938826849b57069481e9a282) Importer(815301076,1909f56bfc062723c751e8b465ee728b)
Start importing Assets/Lenses/PlaneRefractive.prefab using Guid(539da8fe938826849b57069481e9a282) Importer(815301076,1909f56bfc062723c751e8b465ee728b)  -> (artifact id: 'f46747cc6edf48975f2001b58637a6be') in 0.004539 seconds 
========================================================================
Received Import Request.
  Time since last request: 4.285084 seconds.
  path: Assets/Lenses/PlaneRefractive.prefab
  artifactKey: Guid(539da8fe938826849b57069481e9a282) Importer(815301076,1909f56bfc062723c751e8b465ee728b)
Start importing Assets/Lenses/PlaneRefractive.prefab using Guid(539da8fe938826849b57069481e9a282) Importer(815301076,1909f56bfc062723c751e8b465ee728b)  -> (artifact id: '20bc64ecde2a9d809ae8275600b6c814') in 0.004391 seconds 
========================================================================
Received Import Request.
  Time since last request: 6.854740 seconds.
  path: Assets/Lenses/PlaneRefractive.prefab
  artifactKey: Guid(539da8fe938826849b57069481e9a282) Importer(815301076,1909f56bfc062723c751e8b465ee728b)
Start importing Assets/Lenses/PlaneRefractive.prefab using Guid(539da8fe938826849b57069481e9a282) Importer(815301076,1909f56bfc062723c751e8b465ee728b)  -> (artifact id: '52b9bd10f6d904345bfcf6b28aa42a6e') in 0.004495 seconds 
========================================================================
Received Import Request.
  Time since last request: 1.354481 seconds.
  path: Assets/Lenses/PlaneRefractive.prefab
  artifactKey: Guid(539da8fe938826849b57069481e9a282) Importer(815301076,1909f56bfc062723c751e8b465ee728b)
Start importing Assets/Lenses/PlaneRefractive.prefab using Guid(539da8fe938826849b57069481e9a282) Importer(815301076,1909f56bfc062723c751e8b465ee728b)  -> (artifact id: 'd8eb1df1e14e8f7844c2d371dc83a24c') in 0.004516 seconds 
========================================================================
Received Import Request.
  Time since last request: 39.415134 seconds.
  path: Assets/Surfaces/PlaneIdealLens.asset
  artifactKey: Guid(687fcb4e4b7ac2f479a24d80051ca916) Importer(815301076,1909f56bfc062723c751e8b465ee728b)
Start importing Assets/Surfaces/PlaneIdealLens.asset using Guid(687fcb4e4b7ac2f479a24d80051ca916) Importer(815301076,1909f56bfc062723c751e8b465ee728b)  -> (artifact id: '9b9d68578b13bd84091b1ea7b276fa3d') in 0.005140 seconds 
========================================================================
Received Import Request.
  Time since last request: 0.000221 seconds.
  path: Assets/Surfaces/PlaneReflective.asset
  artifactKey: Guid(2316d7c91120691468598766c5044535) Importer(815301076,1909f56bfc062723c751e8b465ee728b)
Start importing Assets/Surfaces/PlaneReflective.asset using Guid(2316d7c91120691468598766c5044535) Importer(815301076,1909f56bfc062723c751e8b465ee728b)  -> (artifact id: '162589b3b664cd65a6ac13993e22c04b') in 0.001996 seconds 
========================================================================
Received Import Request.
  Time since last request: 135.573258 seconds.
  path: Assets/OpticalBoard/Models/Laser.blend
  artifactKey: Guid(ec7cebc728e07c04b9373e0dd82ab31b) Importer(815301076,1909f56bfc062723c751e8b465ee728b)
Start importing Assets/OpticalBoard/Models/Laser.blend using Guid(ec7cebc728e07c04b9373e0dd82ab31b) Importer(815301076,1909f56bfc062723c751e8b465ee728b)  -> (artifact id: 'c76e3e4fc204f5af3802e3cb9abde507') in 0.114611 seconds 
========================================================================
Received Prepare
Registering precompiled user dll's ...
Registered in 0.004748 seconds.
Begin MonoManager ReloadAssembly
Native extension for WindowsStandalone target not found
Refreshing native plugins compatible for Editor in 1.19 ms, found 11 plugins.
Preloading 0 native plugins for Editor in 0.00 ms.
Mono: successfully reloaded assembly
- Completed reload, in  1.285 seconds
Domain Reload Profiling:
	ReloadAssembly (1285ms)
		BeginReloadAssembly (104ms)
			ExecutionOrderSort (0ms)
			DisableScriptedObjects (5ms)
			BackupInstance (0ms)
			ReleaseScriptingObjects (0ms)
			CreateAndSetChildDomain (37ms)
		EndReloadAssembly (1135ms)
			LoadAssemblies (87ms)
			RebuildTransferFunctionScriptingTraits (0ms)
			SetupTypeCache (246ms)
			ReleaseScriptCaches (1ms)
			RebuildScriptCaches (34ms)
			SetupLoadedEditorAssemblies (663ms)
				LogAssemblyErrors (0ms)
				InitializePlatformSupportModulesInManaged (3ms)
				SetLoadedEditorAssemblies (0ms)
				RefreshPlugins (1ms)
				BeforeProcessingInitializeOnLoad (93ms)
				ProcessInitializeOnLoadAttributes (543ms)
				ProcessInitializeOnLoadMethodAttributes (17ms)
				AfterProcessingInitializeOnLoad (5ms)
				EditorAssembliesLoaded (0ms)
			ExecutionOrderSort2 (0ms)
			AwakeInstancesAfterBackupRestoration (10ms)
Platform modules already initialized, skipping
Switching build target platform(19) subTarget(0) extendedPlatform(0) -> platform(21) subTarget(3) extendedPlatform(0)
Refreshing native plugins compatible for Editor in 1.14 ms, found 11 plugins.
Preloading 0 native plugins for Editor in 0.00 ms.
Unloading 4756 Unused Serialized files (Serialized files now loaded: 0)
System memory in use before: 191.8 MB.
System memory in use after: 192.2 MB.

Unloading 32 unused Assets to reduce memory usage. Loaded Objects now: 5443.
Total: 3.583400 ms (FindLiveObjects: 0.379500 ms CreateObjectMapping: 0.149600 ms MarkObjects: 2.978800 ms  DeleteObjects: 0.074000 ms)

AssetImportParameters requested are different than current active one (requested -> active):
  custom:framework-win-MediaFoundation: 216162199b28c13a410421893ffa2e32 -> 
  custom:video-decoder-ogg-theora: a1e56fd34408186e4bbccfd4996cb3dc -> 
  custom:container-muxer-webm: aa71ff27fc2769a1b78a27578f13a17b -> 
  custom:container-demuxer-webm: 4f35f7cbe854078d1ac9338744f61a02 -> 
  custom:container-demuxer-ogg: 62fdf1f143b41e24485cea50d1cbac27 -> 
  custom:video-encoder-webm-vp8: eb34c28f22e8b96e1ab97ce403110664 -> 
  custom:video-codec-MediaFoundation-h265: 746d11721c4dcdbdad8f713fa42b33f4 -> 
  custom:video-decoder-webm-vp8: 9c59270c3fd7afecdb556c50c9e8de78 -> 
  custom:audio-decoder-ogg-vorbis: bf7c407c2cedff20999df2af8eb42d56 -> 
  custom:audio-encoder-webm-vorbis: bf7c407c2cedff20999df2af8eb42d56 -> 
========================================================================
Received Prepare
Registering precompiled user dll's ...
Registered in 0.004980 seconds.
Begin MonoManager ReloadAssembly
Native extension for WindowsStandalone target not found
Refreshing native plugins compatible for Editor in 1.18 ms, found 11 plugins.
Preloading 0 native plugins for Editor in 0.00 ms.
Mono: successfully reloaded assembly
- Completed reload, in  1.369 seconds
Domain Reload Profiling:
	ReloadAssembly (1369ms)
		BeginReloadAssembly (113ms)
			ExecutionOrderSort (0ms)
			DisableScriptedObjects (4ms)
			BackupInstance (0ms)
			ReleaseScriptingObjects (0ms)
			CreateAndSetChildDomain (39ms)
		EndReloadAssembly (1204ms)
			LoadAssemblies (96ms)
			RebuildTransferFunctionScriptingTraits (0ms)
			SetupTypeCache (262ms)
			ReleaseScriptCaches (1ms)
			RebuildScriptCaches (37ms)
			SetupLoadedEditorAssemblies (701ms)
				LogAssemblyErrors (0ms)
				InitializePlatformSupportModulesInManaged (3ms)
				SetLoadedEditorAssemblies (0ms)
				RefreshPlugins (1ms)
				BeforeProcessingInitializeOnLoad (100ms)
				ProcessInitializeOnLoadAttributes (573ms)
				ProcessInitializeOnLoadMethodAttributes (18ms)
				AfterProcessingInitializeOnLoad (5ms)
				EditorAssembliesLoaded (0ms)
			ExecutionOrderSort2 (0ms)
			AwakeInstancesAfterBackupRestoration (10ms)
Platform modules already initialized, skipping
Switching build target platform(19) subTarget(0) extendedPlatform(0) -> platform(21) subTarget(3) extendedPlatform(0)
Refreshing native plugins compatible for Editor in 1.31 ms, found 11 plugins.
Preloading 0 native plugins for Editor in 0.00 ms.
Unloading 4756 Unused Serialized files (Serialized files now loaded: 0)
System memory in use before: 191.8 MB.
System memory in use after: 192.2 MB.

Unloading 32 unused Assets to reduce memory usage. Loaded Objects now: 5447.
Total: 4.137700 ms (FindLiveObjects: 0.402200 ms CreateObjectMapping: 0.169200 ms MarkObjects: 3.493900 ms  DeleteObjects: 0.071800 ms)

AssetImportParameters requested are different than current active one (requested -> active):
  custom:framework-win-MediaFoundation: 216162199b28c13a410421893ffa2e32 -> 
  custom:video-decoder-ogg-theora: a1e56fd34408186e4bbccfd4996cb3dc -> 
  custom:container-muxer-webm: aa71ff27fc2769a1b78a27578f13a17b -> 
  custom:container-demuxer-webm: 4f35f7cbe854078d1ac9338744f61a02 -> 
  custom:container-demuxer-ogg: 62fdf1f143b41e24485cea50d1cbac27 -> 
  custom:video-encoder-webm-vp8: eb34c28f22e8b96e1ab97ce403110664 -> 
  custom:video-codec-MediaFoundation-h265: 746d11721c4dcdbdad8f713fa42b33f4 -> 
  custom:video-decoder-webm-vp8: 9c59270c3fd7afecdb556c50c9e8de78 -> 
  custom:audio-decoder-ogg-vorbis: bf7c407c2cedff20999df2af8eb42d56 -> 
  custom:audio-encoder-webm-vorbis: bf7c407c2cedff20999df2af8eb42d56 -> 
AssetImportWorkerClient::OnTransportError - code=2 error=End of file
